SKETCH version 1.7.6
Benchmark = plusMinusOne.sk
/* BEGIN PACKAGE ANONYMOUS*/
/*plusMinusOne.sk:19*/

void fifteen (ref int _out)/*plusMinusOne.sk:19*/
{
  _out = 15;
  return;
}
/*plusMinusOne.sk:11*/

void fifteenSketch (ref int _out)  implements fifteen/*plusMinusOne.sk:11*/
{
  int n_s1 = 0;
  replaceWithPlusMinusOne(6, n_s1);
  _out = 10 + n_s1;
  return;
}
/*plusMinusOne.sk:1*/

void replaceWithPlusMinusOne (int a, ref int _out)/*plusMinusOne.sk:1*/
{
  _out = a - 1;
  return;
}
/* END PACKAGE ANONYMOUS*/
[SKETCH] DONE
Total time = 443
